Arguments: 
  /Users/beast/.asdf/installs/nodejs/14.15.3/bin/node /usr/local/Cellar/yarn/1.22.5/libexec/bin/yarn.js

PATH: 
  /Users/beast/.asdf/shims:/Users/beast/.asdf/bin:/usr/local/bin:/usr/bin:/bin:/usr/sbin:/sbin:/Users/beast/.composer/vendor/bin:/Library/Apple/usr/bin

Yarn version: 
  1.22.5

Node version: 
  14.15.3

Platform: 
  darwin x64

Trace: 
  SyntaxError: /Users/beast/projects/testing/package.json: Unexpected token } in JSON at position 103
      at JSON.parse (<anonymous>)
      at /usr/local/Cellar/yarn/1.22.5/libexec/lib/cli.js:1625:59
      at Generator.next (<anonymous>)
      at step (/usr/local/Cellar/yarn/1.22.5/libexec/lib/cli.js:310:30)
      at /usr/local/Cellar/yarn/1.22.5/libexec/lib/cli.js:321:13

npm manifest: 
  {
    "license": "AGPL-3.0-only",
    "version": "0.2.0",
    "dependencies": {
      "@vue/cli": "^4.5.13",
    },
    "devDependencies": {
      "faker": "^5.5.3",
      "flush-promises": "^1.0.2",
      "jest": "^27.0.4",
      "jest-environment-jsdom-sixteen": "^2.0.0",
      "lodash": "^4.17.21"
    },
    "scripts": {
      "test:unit": "jest"
    }
  }

yarn manifest: 
  No manifest

Lockfile: 
  No lockfile
